<?xml version="1.0" encoding="UTF-8"?>
<testsuite name="org.traccar.protocol.H02ProtocolDecoderTest" tests="2" skipped="0" failures="0" errors="0" timestamp="2023-08-17T16:26:29" hostname="ryvaldie-ThinkPad-X1-Carbon-2nd" time="0.083">
  <properties/>
  <testcase name="testDecodeStatus()" classname="org.traccar.protocol.H02ProtocolDecoderTest" time="0.005"/>
  <testcase name="testDecode()" classname="org.traccar.protocol.H02ProtocolDecoderTest" time="0.077"/>
  <system-out><![CDATA[]]></system-out>
  <system-err><![CDATA[]]></system-err>
</testsuite>
