<?xml version="1.0" encoding="UTF-8"?>
<testsuite name="org.traccar.protocol.NavtelecomFrameDecoderTest" tests="2" skipped="1" failures="0" errors="0" timestamp="2023-08-17T16:26:30" hostname="ryvaldie-ThinkPad-X1-Carbon-2nd" time="0.001">
  <properties/>
  <testcase name="testDecodeFull()" classname="org.traccar.protocol.NavtelecomFrameDecoderTest" time="0.0">
    <skipped/>
  </testcase>
  <testcase name="testDecode()" classname="org.traccar.protocol.NavtelecomFrameDecoderTest" time="0.001"/>
  <system-out><![CDATA[]]></system-out>
  <system-err><![CDATA[]]></system-err>
</testsuite>
