<?xml version="1.0" encoding="UTF-8"?>
<testsuite name="org.traccar.handler.DistanceHandlerTest" tests="1" skipped="0" failures="0" errors="0" timestamp="2023-08-17T16:26:22" hostname="ryvaldie-ThinkPad-X1-Carbon-2nd" time="0.344">
  <properties/>
  <testcase name="testCalculateDistance()" classname="org.traccar.handler.DistanceHandlerTest" time="0.344"/>
  <system-out><![CDATA[]]></system-out>
  <system-err><![CDATA[]]></system-err>
</testsuite>
