<?xml version="1.0" encoding="UTF-8"?>
<testsuite name="org.traccar.protocol.StartekProtocolEncoderTest" tests="1" skipped="0" failures="0" errors="0" timestamp="2023-08-17T16:26:31" hostname="ryvaldie-ThinkPad-X1-Carbon-2nd" time="0.017">
  <properties/>
  <testcase name="testEncodeEngineStop()" classname="org.traccar.protocol.StartekProtocolEncoderTest" time="0.017"/>
  <system-out><![CDATA[]]></system-out>
  <system-err><![CDATA[]]></system-err>
</testsuite>
