<?xml version="1.0" encoding="UTF-8"?>
<testsuite name="org.traccar.helper.BufferUtilTest" tests="4" skipped="0" failures="0" errors="0" timestamp="2023-08-17T16:26:23" hostname="ryvaldie-ThinkPad-X1-Carbon-2nd" time="0.075">
  <properties/>
  <testcase name="testReadSignedMagnitudeInt()" classname="org.traccar.helper.BufferUtilTest" time="0.005"/>
  <testcase name="test1()" classname="org.traccar.helper.BufferUtilTest" time="0.06"/>
  <testcase name="test2()" classname="org.traccar.helper.BufferUtilTest" time="0.002"/>
  <testcase name="test3()" classname="org.traccar.helper.BufferUtilTest" time="0.001"/>
  <system-out><![CDATA[]]></system-out>
  <system-err><![CDATA[]]></system-err>
</testsuite>
