<?xml version="1.0" encoding="UTF-8"?>
<testsuite name="org.traccar.protocol.NavisFrameDecoderTest" tests="2" skipped="0" failures="0" errors="0" timestamp="2023-08-17T16:26:30" hostname="ryvaldie-ThinkPad-X1-Carbon-2nd" time="0.002">
  <properties/>
  <testcase name="testDecodeNtcb()" classname="org.traccar.protocol.NavisFrameDecoderTest" time="0.001"/>
  <testcase name="testDecodeFlex10()" classname="org.traccar.protocol.NavisFrameDecoderTest" time="0.0"/>
  <system-out><![CDATA[]]></system-out>
  <system-err><![CDATA[]]></system-err>
</testsuite>
