<?xml version="1.0" encoding="UTF-8"?>
<testsuite name="org.traccar.protocol.PstProtocolEncoderTest" tests="2" skipped="0" failures="0" errors="0" timestamp="2023-08-17T16:26:31" hostname="ryvaldie-ThinkPad-X1-Carbon-2nd" time="0.006">
  <properties/>
  <testcase name="testEncodeEngineResume()" classname="org.traccar.protocol.PstProtocolEncoderTest" time="0.004"/>
  <testcase name="testEncodeEngineStop()" classname="org.traccar.protocol.PstProtocolEncoderTest" time="0.002"/>
  <system-out><![CDATA[]]></system-out>
  <system-err><![CDATA[]]></system-err>
</testsuite>
