<?xml version="1.0" encoding="UTF-8"?>
<testsuite name="org.traccar.handler.ComputedAttributesTest" tests="1" skipped="0" failures="0" errors="0" timestamp="2023-08-17T16:26:21" hostname="ryvaldie-ThinkPad-X1-Carbon-2nd" time="0.399">
  <properties/>
  <testcase name="testComputedAttributes()" classname="org.traccar.handler.ComputedAttributesTest" time="0.399"/>
  <system-out><![CDATA[]]></system-out>
  <system-err><![CDATA[]]></system-err>
</testsuite>
