<?xml version="1.0" encoding="UTF-8"?>
<testsuite name="org.traccar.helper.LogTest" tests="2" skipped="0" failures="0" errors="0" timestamp="2023-08-17T16:26:23" hostname="ryvaldie-ThinkPad-X1-Carbon-2nd" time="0.012">
  <properties/>
  <testcase name="testExceptionStack()" classname="org.traccar.helper.LogTest" time="0.008"/>
  <testcase name="testExceptionStackRootCause()" classname="org.traccar.helper.LogTest" time="0.002"/>
  <system-out><![CDATA[]]></system-out>
  <system-err><![CDATA[]]></system-err>
</testsuite>
