<?xml version="1.0" encoding="UTF-8"?>
<testsuite name="org.traccar.helper.DateUtilTest" tests="1" skipped="0" failures="0" errors="0" timestamp="2023-08-17T16:26:23" hostname="ryvaldie-ThinkPad-X1-Carbon-2nd" time="0.018">
  <properties/>
  <testcase name="testCorrectDate()" classname="org.traccar.helper.DateUtilTest" time="0.018"/>
  <system-out><![CDATA[]]></system-out>
  <system-err><![CDATA[]]></system-err>
</testsuite>
