<?xml version="1.0" encoding="UTF-8"?>
<testsuite name="org.traccar.protocol.AtrackProtocolDecoderTest" tests="2" skipped="0" failures="0" errors="0" timestamp="2023-08-17T16:26:26" hostname="ryvaldie-ThinkPad-X1-Carbon-2nd" time="0.084">
  <properties/>
  <testcase name="testDecodeCustom()" classname="org.traccar.protocol.AtrackProtocolDecoderTest" time="0.021"/>
  <testcase name="testDecode()" classname="org.traccar.protocol.AtrackProtocolDecoderTest" time="0.061"/>
  <system-out><![CDATA[]]></system-out>
  <system-err><![CDATA[]]></system-err>
</testsuite>
