<?xml version="1.0" encoding="UTF-8"?>
<testsuite name="org.traccar.protocol.HuabaoProtocolEncoderTest" tests="1" skipped="1" failures="0" errors="0" timestamp="2023-08-17T16:26:29" hostname="ryvaldie-ThinkPad-X1-Carbon-2nd" time="0.0">
  <properties/>
  <testcase name="testEncode()" classname="org.traccar.protocol.HuabaoProtocolEncoderTest" time="0.0">
    <skipped/>
  </testcase>
  <system-out><![CDATA[]]></system-out>
  <system-err><![CDATA[]]></system-err>
</testsuite>
