<?xml version="1.0" encoding="UTF-8"?>
<testsuite name="org.traccar.protocol.NavisProtocolDecoderTest" tests="3" skipped="0" failures="0" errors="0" timestamp="2023-08-17T16:26:30" hostname="ryvaldie-ThinkPad-X1-Carbon-2nd" time="0.044">
  <properties/>
  <testcase name="testDecodeNtcb()" classname="org.traccar.protocol.NavisProtocolDecoderTest" time="0.019"/>
  <testcase name="testDecodeFlex10()" classname="org.traccar.protocol.NavisProtocolDecoderTest" time="0.02"/>
  <testcase name="testDecodeFlex20()" classname="org.traccar.protocol.NavisProtocolDecoderTest" time="0.004"/>
  <system-out><![CDATA[]]></system-out>
  <system-err><![CDATA[]]></system-err>
</testsuite>
