<?xml version="1.0" encoding="UTF-8"?>
<testsuite name="org.traccar.helper.PatternUtilTest" tests="1" skipped="1" failures="0" errors="0" timestamp="2023-08-17T16:26:23" hostname="ryvaldie-ThinkPad-X1-Carbon-2nd" time="0.001">
  <properties/>
  <testcase name="testCheckPattern()" classname="org.traccar.helper.PatternUtilTest" time="0.001">
    <skipped/>
  </testcase>
  <system-out><![CDATA[]]></system-out>
  <system-err><![CDATA[]]></system-err>
</testsuite>
