<?xml version="1.0" encoding="UTF-8"?>
<testsuite name="org.traccar.protocol.BceProtocolDecoderTest" tests="2" skipped="1" failures="0" errors="0" timestamp="2023-08-17T16:26:26" hostname="ryvaldie-ThinkPad-X1-Carbon-2nd" time="0.049">
  <properties/>
  <testcase name="testDecodeFail()" classname="org.traccar.protocol.BceProtocolDecoderTest" time="0.001">
    <skipped/>
  </testcase>
  <testcase name="testDecode()" classname="org.traccar.protocol.BceProtocolDecoderTest" time="0.048"/>
  <system-out><![CDATA[]]></system-out>
  <system-err><![CDATA[]]></system-err>
</testsuite>
