<?xml version="1.0" encoding="UTF-8"?>
<testsuite name="org.traccar.protocol.H02FrameDecoderTest" tests="3" skipped="0" failures="0" errors="0" timestamp="2023-08-17T16:26:29" hostname="ryvaldie-ThinkPad-X1-Carbon-2nd" time="0.014">
  <properties/>
  <testcase name="testDecodeLong()" classname="org.traccar.protocol.H02FrameDecoderTest" time="0.002"/>
  <testcase name="testDecodeShort()" classname="org.traccar.protocol.H02FrameDecoderTest" time="0.0"/>
  <testcase name="testDecodeAlternative()" classname="org.traccar.protocol.H02FrameDecoderTest" time="0.01"/>
  <system-out><![CDATA[]]></system-out>
  <system-err><![CDATA[]]></system-err>
</testsuite>
