<?xml version="1.0" encoding="UTF-8"?>
<testsuite name="org.traccar.protocol.PacificTrackProtocolDecoderTest" tests="2" skipped="0" failures="0" errors="0" timestamp="2023-08-17T16:26:30" hostname="ryvaldie-ThinkPad-X1-Carbon-2nd" time="0.018">
  <properties/>
  <testcase name="testReadBitExt()" classname="org.traccar.protocol.PacificTrackProtocolDecoderTest" time="0.001"/>
  <testcase name="testDecode()" classname="org.traccar.protocol.PacificTrackProtocolDecoderTest" time="0.017"/>
  <system-out><![CDATA[]]></system-out>
  <system-err><![CDATA[]]></system-err>
</testsuite>
