<?xml version="1.0" encoding="UTF-8"?>
<testsuite name="org.traccar.handler.FilterHandlerTest" tests="2" skipped="0" failures="0" errors="0" timestamp="2023-08-17T16:26:22" hostname="ryvaldie-ThinkPad-X1-Carbon-2nd" time="0.165">
  <properties/>
  <testcase name="testSkipAttributes()" classname="org.traccar.handler.FilterHandlerTest" time="0.067"/>
  <testcase name="testFilter()" classname="org.traccar.handler.FilterHandlerTest" time="0.096"/>
  <system-out><![CDATA[]]></system-out>
  <system-err><![CDATA[Aug 17, 2023 11:26:22 PM org.traccar.handler.FilterHandler filter
INFO: Position filtered by Future filters from device: null
Aug 17, 2023 11:26:22 PM org.traccar.handler.FilterHandler filter
INFO: Position filtered by Invalid filters from device: null
]]></system-err>
</testsuite>
