<?xml version="1.0" encoding="UTF-8"?>
<testsuite name="org.traccar.protocol.Tk103ProtocolEncoderTest" tests="20" skipped="0" failures="0" errors="0" timestamp="2023-08-17T16:26:31" hostname="ryvaldie-ThinkPad-X1-Carbon-2nd" time="0.048">
  <properties/>
  <testcase name="testEncodeRebootDeviceAlternative()" classname="org.traccar.protocol.Tk103ProtocolEncoderTest" time="0.004"/>
  <testcase name="testEncodeGetVersionAlternative()" classname="org.traccar.protocol.Tk103ProtocolEncoderTest" time="0.002"/>
  <testcase name="testEncodePositionStopAlternative()" classname="org.traccar.protocol.Tk103ProtocolEncoderTest" time="0.002"/>
  <testcase name="testEncodeSosOnAlternative()" classname="org.traccar.protocol.Tk103ProtocolEncoderTest" time="0.002"/>
  <testcase name="testEncodeGetVersion()" classname="org.traccar.protocol.Tk103ProtocolEncoderTest" time="0.002"/>
  <testcase name="testEncodeEngineStop()" classname="org.traccar.protocol.Tk103ProtocolEncoderTest" time="0.002"/>
  <testcase name="testEncodeSosOffAlternative()" classname="org.traccar.protocol.Tk103ProtocolEncoderTest" time="0.002"/>
  <testcase name="testEncodeSetConnectionAlternative()" classname="org.traccar.protocol.Tk103ProtocolEncoderTest" time="0.002"/>
  <testcase name="testEncodeRebootDevice()" classname="org.traccar.protocol.Tk103ProtocolEncoderTest" time="0.002"/>
  <testcase name="testEncodePositionPeriodic()" classname="org.traccar.protocol.Tk103ProtocolEncoderTest" time="0.002"/>
  <testcase name="testEncodeCustom()" classname="org.traccar.protocol.Tk103ProtocolEncoderTest" time="0.001"/>
  <testcase name="testEncodeIdentificationAlternative()" classname="org.traccar.protocol.Tk103ProtocolEncoderTest" time="0.001"/>
  <testcase name="testEncodePositionSingleAlternative()" classname="org.traccar.protocol.Tk103ProtocolEncoderTest" time="0.002"/>
  <testcase name="testEncodeSosNumberAlternative()" classname="org.traccar.protocol.Tk103ProtocolEncoderTest" time="0.002"/>
  <testcase name="testEncodeCustomAlternative()" classname="org.traccar.protocol.Tk103ProtocolEncoderTest" time="0.002"/>
  <testcase name="testEncodeOutputControl()" classname="org.traccar.protocol.Tk103ProtocolEncoderTest" time="0.002"/>
  <testcase name="testEncodePositionSingle()" classname="org.traccar.protocol.Tk103ProtocolEncoderTest" time="0.002"/>
  <testcase name="testEncodePositionStop()" classname="org.traccar.protocol.Tk103ProtocolEncoderTest" time="0.002"/>
  <testcase name="testEncodeSetOdometer()" classname="org.traccar.protocol.Tk103ProtocolEncoderTest" time="0.002"/>
  <testcase name="testEncodePositionPeriodicAlternative()" classname="org.traccar.protocol.Tk103ProtocolEncoderTest" time="0.002"/>
  <system-out><![CDATA[]]></system-out>
  <system-err><![CDATA[]]></system-err>
</testsuite>
