<?xml version="1.0" encoding="UTF-8"?>
<testsuite name="org.traccar.reports.ReportUtilsTest" tests="10" skipped="0" failures="0" errors="0" timestamp="2023-08-17T16:26:32" hostname="ryvaldie-ThinkPad-X1-Carbon-2nd" time="0.695">
  <properties/>
  <testcase name="testDetectStopsStartedFromTrip()" classname="org.traccar.reports.ReportUtilsTest" time="0.651"/>
  <testcase name="testDetectStopsMoving()" classname="org.traccar.reports.ReportUtilsTest" time="0.007"/>
  <testcase name="testDetectTripsSimple()" classname="org.traccar.reports.ReportUtilsTest" time="0.004"/>
  <testcase name="testCalculateSpentFuel()" classname="org.traccar.reports.ReportUtilsTest" time="0.002"/>
  <testcase name="testDetectStopsWithTripCut()" classname="org.traccar.reports.ReportUtilsTest" time="0.003"/>
  <testcase name="testDetectTripsWithFluctuation()" classname="org.traccar.reports.ReportUtilsTest" time="0.004"/>
  <testcase name="testCalculateDistance()" classname="org.traccar.reports.ReportUtilsTest" time="0.0"/>
  <testcase name="testDetectTripAndStopByGap()" classname="org.traccar.reports.ReportUtilsTest" time="0.003"/>
  <testcase name="testDetectStopsOnly()" classname="org.traccar.reports.ReportUtilsTest" time="0.002"/>
  <testcase name="testDetectTripsSimpleWithIgnition()" classname="org.traccar.reports.ReportUtilsTest" time="0.004"/>
  <system-out><![CDATA[]]></system-out>
  <system-err><![CDATA[]]></system-err>
</testsuite>
