<?xml version="1.0" encoding="UTF-8"?>
<testsuite name="org.traccar.protocol.AquilaProtocolDecoderTest" tests="1" skipped="0" failures="0" errors="0" timestamp="2023-08-17T16:26:25" hostname="ryvaldie-ThinkPad-X1-Carbon-2nd" time="0.062">
  <properties/>
  <testcase name="testDecodeA()" classname="org.traccar.protocol.AquilaProtocolDecoderTest" time="0.062"/>
  <system-out><![CDATA[]]></system-out>
  <system-err><![CDATA[]]></system-err>
</testsuite>
