<?xml version="1.0" encoding="UTF-8"?>
<testsuite name="org.traccar.helper.DistanceCalculatorTest" tests="2" skipped="0" failures="0" errors="0" timestamp="2023-08-17T16:26:23" hostname="ryvaldie-ThinkPad-X1-Carbon-2nd" time="0.014">
  <properties/>
  <testcase name="testDistanceToLine()" classname="org.traccar.helper.DistanceCalculatorTest" time="0.001"/>
  <testcase name="testDistance()" classname="org.traccar.helper.DistanceCalculatorTest" time="0.011"/>
  <system-out><![CDATA[]]></system-out>
  <system-err><![CDATA[]]></system-err>
</testsuite>
