<?xml version="1.0" encoding="UTF-8"?>
<testsuite name="org.traccar.geofence.GeofenceCircleTest" tests="2" skipped="0" failures="0" errors="0" timestamp="2023-08-17T16:26:21" hostname="ryvaldie-ThinkPad-X1-Carbon-2nd" time="0.041">
  <properties/>
  <testcase name="testCircleWkt()" classname="org.traccar.geofence.GeofenceCircleTest" time="0.033"/>
  <testcase name="testContainsCircle()" classname="org.traccar.geofence.GeofenceCircleTest" time="0.002"/>
  <system-out><![CDATA[]]></system-out>
  <system-err><![CDATA[]]></system-err>
</testsuite>
