<?xml version="1.0" encoding="UTF-8"?>
<testsuite name="org.traccar.geocoder.AddressFormatTest" tests="1" skipped="0" failures="0" errors="0" timestamp="2023-08-17T16:26:20" hostname="ryvaldie-ThinkPad-X1-Carbon-2nd" time="0.01">
  <properties/>
  <testcase name="testFormat()" classname="org.traccar.geocoder.AddressFormatTest" time="0.01"/>
  <system-out><![CDATA[]]></system-out>
  <system-err><![CDATA[]]></system-err>
</testsuite>
