<?xml version="1.0" encoding="UTF-8"?>
<testsuite name="org.traccar.protocol.ArnaviBinaryProtocolDecoderTest" tests="2" skipped="0" failures="0" errors="0" timestamp="2023-08-17T16:26:26" hostname="ryvaldie-ThinkPad-X1-Carbon-2nd" time="0.021">
  <properties/>
  <testcase name="testHeader1Decode()" classname="org.traccar.protocol.ArnaviBinaryProtocolDecoderTest" time="0.01"/>
  <testcase name="testHeader2Decode()" classname="org.traccar.protocol.ArnaviBinaryProtocolDecoderTest" time="0.01"/>
  <system-out><![CDATA[]]></system-out>
  <system-err><![CDATA[]]></system-err>
</testsuite>
