<?xml version="1.0" encoding="UTF-8"?>
<testsuite name="org.traccar.handler.events.MotionEventHandlerTest" tests="3" skipped="0" failures="0" errors="0" timestamp="2023-08-17T16:26:23" hostname="ryvaldie-ThinkPad-X1-Carbon-2nd" time="0.048">
  <properties/>
  <testcase name="testMotionWithPosition()" classname="org.traccar.handler.events.MotionEventHandlerTest" time="0.033"/>
  <testcase name="testStopWithPositionIgnition()" classname="org.traccar.handler.events.MotionEventHandlerTest" time="0.004"/>
  <testcase name="testMotionFluctuation()" classname="org.traccar.handler.events.MotionEventHandlerTest" time="0.005"/>
  <system-out><![CDATA[]]></system-out>
  <system-err><![CDATA[]]></system-err>
</testsuite>
