<?xml version="1.0" encoding="UTF-8"?>
<testsuite name="org.traccar.protocol.EgtsProtocolDecoderTest" tests="2" skipped="0" failures="0" errors="0" timestamp="2023-08-17T16:26:27" hostname="ryvaldie-ThinkPad-X1-Carbon-2nd" time="0.052">
  <properties/>
  <testcase name="testDecodeWithAuth()" classname="org.traccar.protocol.EgtsProtocolDecoderTest" time="0.022"/>
  <testcase name="testDecodeWithObjectId()" classname="org.traccar.protocol.EgtsProtocolDecoderTest" time="0.029"/>
  <system-out><![CDATA[]]></system-out>
  <system-err><![CDATA[]]></system-err>
</testsuite>
