<?xml version="1.0" encoding="UTF-8"?>
<testsuite name="org.traccar.protocol.EsealProtocolEncoderTest" tests="1" skipped="0" failures="0" errors="0" timestamp="2023-08-17T16:26:27" hostname="ryvaldie-ThinkPad-X1-Carbon-2nd" time="0.002">
  <properties/>
  <testcase name="testEncode()" classname="org.traccar.protocol.EsealProtocolEncoderTest" time="0.002"/>
  <system-out><![CDATA[]]></system-out>
  <system-err><![CDATA[]]></system-err>
</testsuite>
