<?xml version="1.0" encoding="UTF-8"?>
<testsuite name="org.traccar.geofence.GeofencePolylineTest" tests="4" skipped="0" failures="0" errors="0" timestamp="2023-08-17T16:26:21" hostname="ryvaldie-ThinkPad-X1-Carbon-2nd" time="0.43">
  <properties/>
  <testcase name="testPolylineWkt()" classname="org.traccar.geofence.GeofencePolylineTest" time="0.007"/>
  <testcase name="testContainsPolylineNear180()" classname="org.traccar.geofence.GeofencePolylineTest" time="0.395"/>
  <testcase name="testContainsPolyline1Interval()" classname="org.traccar.geofence.GeofencePolylineTest" time="0.008"/>
  <testcase name="testContainsPolyline3Intervals()" classname="org.traccar.geofence.GeofencePolylineTest" time="0.009"/>
  <system-out><![CDATA[]]></system-out>
  <system-err><![CDATA[]]></system-err>
</testsuite>
