<?xml version="1.0" encoding="UTF-8"?>
<testsuite name="org.traccar.protocol.SuntechProtocolDecoderTest" tests="6" skipped="1" failures="0" errors="0" timestamp="2023-08-17T16:26:31" hostname="ryvaldie-ThinkPad-X1-Carbon-2nd" time="0.094">
  <properties/>
  <testcase name="testDecodeDriver()" classname="org.traccar.protocol.SuntechProtocolDecoderTest" time="0.004"/>
  <testcase name="testDecodeCrash()" classname="org.traccar.protocol.SuntechProtocolDecoderTest" time="0.0">
    <skipped/>
  </testcase>
  <testcase name="testDecodeHours()" classname="org.traccar.protocol.SuntechProtocolDecoderTest" time="0.003"/>
  <testcase name="testDecodeRpm()" classname="org.traccar.protocol.SuntechProtocolDecoderTest" time="0.004"/>
  <testcase name="testDecode()" classname="org.traccar.protocol.SuntechProtocolDecoderTest" time="0.072"/>
  <testcase name="testDecodeTemperature()" classname="org.traccar.protocol.SuntechProtocolDecoderTest" time="0.009"/>
  <system-out><![CDATA[]]></system-out>
  <system-err><![CDATA[]]></system-err>
</testsuite>
