<?xml version="1.0" encoding="UTF-8"?>
<testsuite name="org.traccar.protocol.Pt502ProtocolEncoderTest" tests="4" skipped="0" failures="0" errors="0" timestamp="2023-08-17T16:26:31" hostname="ryvaldie-ThinkPad-X1-Carbon-2nd" time="0.006">
  <properties/>
  <testcase name="testEncodeCustom()" classname="org.traccar.protocol.Pt502ProtocolEncoderTest" time="0.001"/>
  <testcase name="testEncodeAlarmSpeed()" classname="org.traccar.protocol.Pt502ProtocolEncoderTest" time="0.001"/>
  <testcase name="testEncodeTimezone()" classname="org.traccar.protocol.Pt502ProtocolEncoderTest" time="0.001"/>
  <testcase name="testEncodeOutputControl()" classname="org.traccar.protocol.Pt502ProtocolEncoderTest" time="0.001"/>
  <system-out><![CDATA[]]></system-out>
  <system-err><![CDATA[]]></system-err>
</testsuite>
