<?xml version="1.0" encoding="UTF-8"?>
<testsuite name="org.traccar.web.WebServerTest" tests="1" skipped="0" failures="0" errors="0" timestamp="2023-08-17T16:26:33" hostname="ryvaldie-ThinkPad-X1-Carbon-2nd" time="0.129">
  <properties/>
  <testcase name="contextTest()" classname="org.traccar.web.WebServerTest" time="0.129"/>
  <system-out><![CDATA[]]></system-out>
  <system-err><![CDATA[]]></system-err>
</testsuite>
