<?xml version="1.0" encoding="UTF-8"?>
<testsuite name="org.traccar.calendar.CalendarTest" tests="1" skipped="0" failures="0" errors="0" timestamp="2023-08-17T16:26:16" hostname="ryvaldie-ThinkPad-X1-Carbon-2nd" time="0.38">
  <properties/>
  <testcase name="testCalendar()" classname="org.traccar.calendar.CalendarTest" time="0.38"/>
  <system-out><![CDATA[]]></system-out>
  <system-err><![CDATA[]]></system-err>
</testsuite>
