<?xml version="1.0" encoding="UTF-8"?>
<testsuite name="org.traccar.geofence.GeofencePolygonTest" tests="5" skipped="0" failures="0" errors="0" timestamp="2023-08-17T16:26:21" hostname="ryvaldie-ThinkPad-X1-Carbon-2nd" time="0.251">
  <properties/>
  <testcase name="testPolygonWkt()" classname="org.traccar.geofence.GeofencePolygonTest" time="0.006"/>
  <testcase name="testContainsPolygon0()" classname="org.traccar.geofence.GeofencePolygonTest" time="0.001"/>
  <testcase name="testContainsPolygon()" classname="org.traccar.geofence.GeofencePolygonTest" time="0.002"/>
  <testcase name="testContainsPolygon180()" classname="org.traccar.geofence.GeofencePolygonTest" time="0.005"/>
  <testcase name="testCalculateArea()" classname="org.traccar.geofence.GeofencePolygonTest" time="0.222"/>
  <system-out><![CDATA[]]></system-out>
  <system-err><![CDATA[]]></system-err>
</testsuite>
