<?xml version="1.0" encoding="UTF-8"?>
<testsuite name="org.traccar.helper.BitUtilTest" tests="4" skipped="0" failures="0" errors="0" timestamp="2023-08-17T16:26:23" hostname="ryvaldie-ThinkPad-X1-Carbon-2nd" time="0.015">
  <properties/>
  <testcase name="testCheck()" classname="org.traccar.helper.BitUtilTest" time="0.005"/>
  <testcase name="testFrom()" classname="org.traccar.helper.BitUtilTest" time="0.001"/>
  <testcase name="testTo()" classname="org.traccar.helper.BitUtilTest" time="0.001"/>
  <testcase name="testBetween()" classname="org.traccar.helper.BitUtilTest" time="0.001"/>
  <system-out><![CDATA[]]></system-out>
  <system-err><![CDATA[]]></system-err>
</testsuite>
