<?xml version="1.0" encoding="UTF-8"?>
<testsuite name="org.traccar.helper.WebHelperTest" tests="3" skipped="0" failures="0" errors="0" timestamp="2023-08-17T16:26:23" hostname="ryvaldie-ThinkPad-X1-Carbon-2nd" time="0.662">
  <properties/>
  <testcase name="testRetrieveRemoteAddressProxySingle()" classname="org.traccar.helper.WebHelperTest" time="0.643"/>
  <testcase name="testRetrieveRemoteAddressNoProxy()" classname="org.traccar.helper.WebHelperTest" time="0.008"/>
  <testcase name="testRetrieveRemoteAddressProxyMultiple()" classname="org.traccar.helper.WebHelperTest" time="0.006"/>
  <system-out><![CDATA[]]></system-out>
  <system-err><![CDATA[]]></system-err>
</testsuite>
