<?xml version="1.0" encoding="UTF-8"?>
<testsuite name="org.traccar.protocol.GatorProtocolDecoderTest" tests="2" skipped="0" failures="0" errors="0" timestamp="2023-08-17T16:26:27" hostname="ryvaldie-ThinkPad-X1-Carbon-2nd" time="0.028">
  <properties/>
  <testcase name="testDecode()" classname="org.traccar.protocol.GatorProtocolDecoderTest" time="0.026"/>
  <testcase name="testDecodeId()" classname="org.traccar.protocol.GatorProtocolDecoderTest" time="0.001"/>
  <system-out><![CDATA[]]></system-out>
  <system-err><![CDATA[]]></system-err>
</testsuite>
