<?xml version="1.0" encoding="UTF-8"?>
<testsuite name="org.traccar.protocol.MictrackProtocolDecoderTest" tests="2" skipped="0" failures="0" errors="0" timestamp="2023-08-17T16:26:30" hostname="ryvaldie-ThinkPad-X1-Carbon-2nd" time="0.02">
  <properties/>
  <testcase name="testDecodeStandard()" classname="org.traccar.protocol.MictrackProtocolDecoderTest" time="0.012"/>
  <testcase name="testDecodeLowAltitude()" classname="org.traccar.protocol.MictrackProtocolDecoderTest" time="0.007"/>
  <system-out><![CDATA[]]></system-out>
  <system-err><![CDATA[]]></system-err>
</testsuite>
