<?xml version="1.0" encoding="UTF-8"?>
<testsuite name="org.traccar.protocol.GpsMarkerProtocolDecoderTest" tests="1" skipped="0" failures="0" errors="0" timestamp="2023-08-17T16:26:29" hostname="ryvaldie-ThinkPad-X1-Carbon-2nd" time="0.028">
  <properties/>
  <testcase name="testDecode()" classname="org.traccar.protocol.GpsMarkerProtocolDecoderTest" time="0.028"/>
  <system-out><![CDATA[]]></system-out>
  <system-err><![CDATA[]]></system-err>
</testsuite>
